<?xml version="1.0" encoding="UTF-8"?>
<!-- Generated by org.testng.reporters.JUnitReportReporter -->
<testsuite hostname="PRASHANTHI" failures="0" tests="2" name="mindq.cucumberbddframework.Runner" time="13.980" errors="0" timestamp="2024-08-30T07:37:57 IST" skipped="0">
  <testcase classname="mindq.cucumberbddframework.Runner" name="runScenario" time="7.873"/>
  <testcase classname="mindq.cucumberbddframework.Runner" name="runScenario" time="6.107"/>
</testsuite> <!-- mindq.cucumberbddframework.Runner -->
